
  .   ____          _            __ _ _
 /\\ / ___'_ __ _ _(_)_ __  __ _ \ \ \ \
( ( )\___ | '_ | '_| | '_ \/ _` | \ \ \ \
 \\/  ___)| |_)| | | | | || (_| |  ) ) ) )
  '  |____| .__|_| |_|_| |_\__, | / / / /
 =========|_|==============|___/=/_/_/_/
 :: Spring Boot ::                (v3.1.6)

2026-01-09T02:03:37.865Z  INFO 25538 --- [           main] org.example.App                          : Starting App v1.0-SNAPSHOT using Java 17.0.17 with PID 25538 (/Users/krishanshukla/IdeaProjects/testpyramid/target/testpyramid-1.0-SNAPSHOT.jar started by krishanshukla in /Users/krishanshukla/IdeaProjects/testpyramid)
2026-01-09T02:03:37.868Z  INFO 25538 --- [           main] org.example.App                          : No active profile set, falling back to 1 default profile: "default"
2026-01-09T02:03:39.053Z  INFO 25538 --- [           main] .s.d.r.c.RepositoryConfigurationDelegate : Bootstrapping Spring Data JPA repositories in DEFAULT mode.
2026-01-09T02:03:39.130Z  INFO 25538 --- [           main] .s.d.r.c.RepositoryConfigurationDelegate : Finished Spring Data repository scanning in 66 ms. Found 1 JPA repository interface.
2026-01-09T02:03:39.855Z  INFO 25538 --- [           main] o.s.b.w.embedded.tomcat.TomcatWebServer  : Tomcat initialized with port(s): 9090 (http)
2026-01-09T02:03:39.868Z  INFO 25538 --- [           main] o.apache.catalina.core.StandardService   : Starting service [Tomcat]
2026-01-09T02:03:39.869Z  INFO 25538 --- [           main] o.apache.catalina.core.StandardEngine    : Starting Servlet engine: [Apache Tomcat/10.1.16]
2026-01-09T02:03:39.973Z  INFO 25538 --- [           main] o.a.c.c.C.[Tomcat].[localhost].[/]       : Initializing Spring embedded WebApplicationContext
2026-01-09T02:03:39.975Z  INFO 25538 --- [           main] w.s.c.ServletWebServerApplicationContext : Root WebApplicationContext: initialization completed in 2037 ms
2026-01-09T02:03:40.106Z  INFO 25538 --- [           main] com.zaxxer.hikari.HikariDataSource       : HikariPool-1 - Starting...
2026-01-09T02:03:40.389Z  INFO 25538 --- [           main] com.zaxxer.hikari.pool.HikariPool        : HikariPool-1 - Added connection org.postgresql.jdbc.PgConnection@6cc0bcf6
2026-01-09T02:03:40.392Z  INFO 25538 --- [           main] com.zaxxer.hikari.HikariDataSource       : HikariPool-1 - Start completed.
2026-01-09T02:03:40.407Z  INFO 25538 --- [           main] o.s.b.a.h2.H2ConsoleAutoConfiguration    : H2 console available at '/h2-console'. Database available at 'jdbc:postgresql://localhost:5432/anagramdb'
2026-01-09T02:03:40.599Z  INFO 25538 --- [           main] o.hibernate.jpa.internal.util.LogHelper  : HHH000204: Processing PersistenceUnitInfo [name: default]
2026-01-09T02:03:40.688Z  INFO 25538 --- [           main] org.hibernate.Version                    : HHH000412: Hibernate ORM core version 6.2.13.Final
2026-01-09T02:03:40.692Z  INFO 25538 --- [           main] org.hibernate.cfg.Environment            : HHH000406: Using bytecode reflection optimizer
2026-01-09T02:03:41.188Z  INFO 25538 --- [           main] o.s.o.j.p.SpringPersistenceUnitInfo      : No LoadTimeWeaver setup: ignoring JPA class transformer
2026-01-09T02:03:42.328Z  INFO 25538 --- [           main] o.h.e.t.j.p.i.JtaPlatformInitiator       : HHH000489: No JTA platform available (set 'hibernate.transaction.jta.platform' to enable JTA platform integration)
2026-01-09T02:03:42.398Z  INFO 25538 --- [           main] t.s.e.i.AbstractInformationExtractorImpl : HHH000475: Cannot locate column information using identifier [lower((word)::text)]; ignoring index [ux_words_word]
2026-01-09T02:03:42.401Z  INFO 25538 --- [           main] j.LocalContainerEntityManagerFactoryBean : Initialized JPA EntityManagerFactory for persistence unit 'default'
2026-01-09T02:03:42.691Z  INFO 25538 --- [           main] o.s.d.j.r.query.QueryEnhancerFactory     : Hibernate is in classpath; If applicable, HQL parser will be used.
2026-01-09T02:03:43.297Z  WARN 25538 --- [           main] JpaBaseConfiguration$JpaWebConfiguration : spring.jpa.open-in-view is enabled by default. Therefore, database queries may be performed during view rendering. Explicitly configure spring.jpa.open-in-view to disable this warning
2026-01-09T02:03:43.997Z  INFO 25538 --- [           main] o.s.b.a.e.web.EndpointLinksResolver      : Exposing 4 endpoint(s) beneath base path '/actuator'
2026-01-09T02:03:44.067Z  WARN 25538 --- [           main] ConfigServletWebServerApplicationContext : Exception encountered during context initialization - cancelling refresh attempt: org.springframework.context.ApplicationContextException: Failed to start bean 'webServerStartStop'
2026-01-09T02:03:44.069Z  INFO 25538 --- [           main] j.LocalContainerEntityManagerFactoryBean : Closing JPA EntityManagerFactory for persistence unit 'default'
2026-01-09T02:03:44.072Z  INFO 25538 --- [           main] com.zaxxer.hikari.HikariDataSource       : HikariPool-1 - Shutdown initiated...
2026-01-09T02:03:44.076Z  INFO 25538 --- [           main] com.zaxxer.hikari.HikariDataSource       : HikariPool-1 - Shutdown completed.
2026-01-09T02:03:44.078Z  INFO 252026-01-09T04:06:59.692Z  WARN 23992 --- [l-1 housekeeper] com.zaxxer.hikari.pool.HikariPool        : HikariPool-1 - Thread starvation or clock leap detected (housekeeper delta=2h25s704ms).
2026-01-09T05:08:11.202Z  WARN 23992 --- [l-1 housekeeper] com.zaxxer.hikari.pool.HikariPool        : HikariPool-1 - Thread starvation or clock leap detected (housekeeper delta=1h41s457ms).
2026-01-09T06:08:52.106Z  WARN 23992 --- [l-1 housekeeper] com.zaxxer.hikari.pool.HikariPool        : HikariPool-1 - Thread starvation or clock leap detected (housekeeper delta=1h40s905ms).
2026-01-09T07:10:03.858Z  WARN 23992 --- [l-1 housekeeper] com.zaxxer.hikari.pool.HikariPool        : HikariPool-1 - Thread starvation or clock leap detected (housekeeper delta=1h41s713ms).
2026-01-09T08:11:14.603Z  WARN 23992 --- [l-1 housekeeper] com.zaxxer.hikari.pool.HikariPool        : HikariPool-1 - Thread starvation or clock leap detected (housekeeper delta=1h40s730ms).
2026-01-09T09:12:25.554Z  WARN 23992 --- [l-1 housekeeper] com.zaxxer.hikari.pool.HikariPool        : HikariPool-1 - Thread starvation or clock leap detected (housekeeper delta=1h40s949ms).
2026-01-09T09:16:18.403Z  WARN 23992 --- [l-1 housekeeper] com.zaxxer.hikari.pool.HikariPool        : HikariPool-1 - Thread starvation or clock leap detected (housekeeper delta=3m52s849ms).
2026-01-09T10:13:19.056Z  WARN 23992 --- [l-1 housekeeper] com.zaxxer.hikari.pool.HikariPool        : HikariPool-1 - Thread starvation or clock leap detected (housekeeper delta=56m30s644ms).
2026-01-09T11:14:00.388Z  WARN 23992 --- [l-1 housekeeper] com.zaxxer.hikari.pool.HikariPool        : HikariPool-1 - Thread starvation or clock leap detected (housekeeper delta=1h41s333ms).
2026-01-09T11:49:43.820Z  WARN 23992 --- [l-1 housekeeper] com.zaxxer.hikari.pool.HikariPool        : HikariPool-1 - Thread starvation or clock leap detected (housekeeper delta=35m13s388ms).
